INFO:root:Created Blues genre folder with 33 tracks in it.
INFO:root:Created Country genre folder with 101 tracks in it.
INFO:root:Created Electronic genre folder with 101 tracks in it.
INFO:root:Created Folk genre folder with 65 tracks in it.
INFO:root:Created International genre folder with 85 tracks in it.
INFO:root:Created Jazz genre folder with 101 tracks in it.
INFO:root:Created Latin genre folder with 101 tracks in it.
INFO:root:Created New Age genre folder with 101 tracks in it.
INFO:root:Created Pop_Rock genre folder with 101 tracks in it.
INFO:root:Created Rap genre folder with 101 tracks in it.
INFO:root:Created Reggae genre folder with 70 tracks in it.
INFO:root:Created RnB genre folder with 101 tracks in it.
INFO:root:Created Vocal genre folder with 42 tracks in it.
INFO:root:Dataset converted with a total number of 1104 tracks.
INFO:root:Created Blues genre folder with 33 tracks in it.
INFO:root:Created Country genre folder with 101 tracks in it.
INFO:root:Created Electronic genre folder with 101 tracks in it.
INFO:root:Created Folk genre folder with 65 tracks in it.
INFO:root:Created International genre folder with 85 tracks in it.
INFO:root:Created Jazz genre folder with 101 tracks in it.
INFO:root:Created Latin genre folder with 101 tracks in it.
INFO:root:Created New Age genre folder with 101 tracks in it.
INFO:root:Created Pop_Rock genre folder with 101 tracks in it.
INFO:root:Created Rap genre folder with 101 tracks in it.
INFO:root:Created Reggae genre folder with 70 tracks in it.
INFO:root:Created RnB genre folder with 101 tracks in it.
INFO:root:Created Vocal genre folder with 42 tracks in it.
INFO:root:Dataset converted with a total number of 1104 tracks.
INFO:root:Created Blues genre folder with 33 tracks in it.
INFO:root:Created Country genre folder with 101 tracks in it.
INFO:root:Created Electronic genre folder with 101 tracks in it.
INFO:root:Created Folk genre folder with 65 tracks in it.
INFO:root:Created International genre folder with 85 tracks in it.
INFO:root:Created Jazz genre folder with 101 tracks in it.
INFO:root:Created Latin genre folder with 101 tracks in it.
INFO:root:Created New Age genre folder with 101 tracks in it.
INFO:root:Created Pop_Rock genre folder with 101 tracks in it.
INFO:root:Created Rap genre folder with 101 tracks in it.
INFO:root:Created Reggae genre folder with 70 tracks in it.
INFO:root:Created RnB genre folder with 101 tracks in it.
INFO:root:Created Vocal genre folder with 42 tracks in it.
INFO:root:Dataset converted with a total number of 1104 tracks.
INFO:root:Created Blues genre folder with 33 tracks in it.
INFO:root:Created Country genre folder with 101 tracks in it.
INFO:root:Created Electronic genre folder with 101 tracks in it.
INFO:root:Created Folk genre folder with 65 tracks in it.
INFO:root:Created International genre folder with 85 tracks in it.
INFO:root:Created Jazz genre folder with 101 tracks in it.
INFO:root:Created Latin genre folder with 101 tracks in it.
INFO:root:Created New Age genre folder with 101 tracks in it.
INFO:root:Created Pop_Rock genre folder with 101 tracks in it.
INFO:root:Created Rap genre folder with 101 tracks in it.
INFO:root:Created Reggae genre folder with 70 tracks in it.
INFO:root:Created RnB genre folder with 101 tracks in it.
INFO:root:Created Vocal genre folder with 42 tracks in it.
INFO:root:Dataset converted with a total number of 1104 tracks.
INFO:root:Created Blues genre folder with 33 tracks in it.
INFO:root:Created Country genre folder with 101 tracks in it.
INFO:root:Created Electronic genre folder with 101 tracks in it.
INFO:root:Created Folk genre folder with 65 tracks in it.
INFO:root:Created International genre folder with 85 tracks in it.
INFO:root:Created Jazz genre folder with 101 tracks in it.
INFO:root:Created Latin genre folder with 101 tracks in it.
INFO:root:Created New Age genre folder with 101 tracks in it.
INFO:root:Created Pop_Rock genre folder with 101 tracks in it.
INFO:root:Created Rap genre folder with 101 tracks in it.
INFO:root:Created Reggae genre folder with 70 tracks in it.
INFO:root:Created RnB genre folder with 101 tracks in it.
INFO:root:Created Vocal genre folder with 42 tracks in it.
INFO:root:Dataset converted with a total number of 1104 tracks.
INFO:root:Created Blues genre folder with 33 tracks in it.
INFO:root:Created Country genre folder with 101 tracks in it.
INFO:root:Created Electronic genre folder with 101 tracks in it.
INFO:root:Created Folk genre folder with 65 tracks in it.
INFO:root:Created International genre folder with 85 tracks in it.
INFO:root:Created Jazz genre folder with 101 tracks in it.
INFO:root:Created Latin genre folder with 101 tracks in it.
INFO:root:Created New Age genre folder with 101 tracks in it.
INFO:root:Created Pop_Rock genre folder with 101 tracks in it.
INFO:root:Created Rap genre folder with 101 tracks in it.
INFO:root:Created Reggae genre folder with 70 tracks in it.
INFO:root:Created RnB genre folder with 101 tracks in it.
INFO:root:Created Vocal genre folder with 42 tracks in it.
INFO:root:Dataset converted with a total number of 1104 tracks.
INFO:root:Created Blues genre folder with 33 tracks in it.
INFO:root:Created Country genre folder with 101 tracks in it.
INFO:root:Created Electronic genre folder with 101 tracks in it.
INFO:root:Created Folk genre folder with 65 tracks in it.
INFO:root:Created International genre folder with 85 tracks in it.
INFO:root:Created Jazz genre folder with 101 tracks in it.
INFO:root:Created Latin genre folder with 101 tracks in it.
INFO:root:Created New Age genre folder with 101 tracks in it.
INFO:root:Created Pop_Rock genre folder with 101 tracks in it.
INFO:root:Created Rap genre folder with 101 tracks in it.
INFO:root:Created Reggae genre folder with 70 tracks in it.
INFO:root:Created RnB genre folder with 101 tracks in it.
INFO:root:Created Vocal genre folder with 42 tracks in it.
INFO:root:Dataset converted with a total number of 1104 tracks.
INFO:root:Created Blues genre folder with 33 tracks in it.
INFO:root:Created Country genre folder with 101 tracks in it.
INFO:root:Created Electronic genre folder with 101 tracks in it.
INFO:root:Created Folk genre folder with 65 tracks in it.
INFO:root:Created International genre folder with 85 tracks in it.
INFO:root:Created Jazz genre folder with 101 tracks in it.
INFO:root:Created Latin genre folder with 101 tracks in it.
INFO:root:Created New Age genre folder with 101 tracks in it.
INFO:root:Created Pop_Rock genre folder with 101 tracks in it.
INFO:root:Created Rap genre folder with 101 tracks in it.
INFO:root:Created Reggae genre folder with 70 tracks in it.
INFO:root:Created RnB genre folder with 101 tracks in it.
INFO:root:Created Vocal genre folder with 42 tracks in it.
INFO:root:Dataset converted with a total number of 1104 tracks.
INFO:root:Created Blues genre folder with 33 tracks in it.
INFO:root:Created Blues genre folder with 33 tracks in it.
INFO:root:Created Country genre folder with 101 tracks in it.
INFO:root:Created Electronic genre folder with 101 tracks in it.
INFO:root:Created Folk genre folder with 65 tracks in it.
INFO:root:Created International genre folder with 85 tracks in it.
INFO:root:Created Jazz genre folder with 101 tracks in it.
INFO:root:Created Latin genre folder with 101 tracks in it.
INFO:root:Created New Age genre folder with 101 tracks in it.
INFO:root:Created Pop_Rock genre folder with 101 tracks in it.
INFO:root:Created Rap genre folder with 101 tracks in it.
INFO:root:Created Reggae genre folder with 70 tracks in it.
INFO:root:Created RnB genre folder with 101 tracks in it.
INFO:root:Created Vocal genre folder with 42 tracks in it.
INFO:root:Dataset converted with a total number of 1104 tracks.
INFO:root:Created Blues genre folder with 33 tracks in it.
INFO:root:Created Country genre folder with 101 tracks in it.
INFO:root:Created Electronic genre folder with 101 tracks in it.
INFO:root:Created Folk genre folder with 65 tracks in it.
INFO:root:Created International genre folder with 85 tracks in it.
INFO:root:Created Jazz genre folder with 101 tracks in it.
INFO:root:Created Latin genre folder with 101 tracks in it.
INFO:root:Created New Age genre folder with 101 tracks in it.
INFO:root:Created Pop_Rock genre folder with 101 tracks in it.
INFO:root:Created Rap genre folder with 101 tracks in it.
INFO:root:Created Reggae genre folder with 70 tracks in it.
INFO:root:Created RnB genre folder with 101 tracks in it.
INFO:root:Created Vocal genre folder with 42 tracks in it.
INFO:root:Dataset converted with a total number of 1104 tracks.
INFO:root:Created Blues genre folder with 101 tracks in it.
INFO:root:Dataset converted with a total number of 102 tracks.
INFO:root:Created Blues genre folder with 33 tracks in it.
INFO:root:Created Country genre folder with 101 tracks in it.
INFO:root:Created Electronic genre folder with 101 tracks in it.
INFO:root:Created Blues genre folder with 33 tracks in it.
INFO:root:Created Country genre folder with 101 tracks in it.
INFO:root:Created Blues genre folder with 33 tracks in it.
INFO:root:Created Country genre folder with 101 tracks in it.
INFO:root:Created Blues genre folder with 33 tracks in it.
INFO:root:Created Blues genre folder with 33 tracks in it.
INFO:root:Created Blues genre folder with 33 tracks in it.
INFO:root:Created Blues genre folder with 33 tracks in it.
INFO:root:Created Country genre folder with 101 tracks in it.
INFO:root:Created Electronic genre folder with 101 tracks in it.
INFO:root:Created Folk genre folder with 65 tracks in it.
INFO:root:Created International genre folder with 85 tracks in it.
INFO:root:Created Jazz genre folder with 101 tracks in it.
INFO:root:Created Latin genre folder with 101 tracks in it.
INFO:root:Created New Age genre folder with 101 tracks in it.
INFO:root:Created Pop_Rock genre folder with 101 tracks in it.
INFO:root:Created Rap genre folder with 101 tracks in it.
INFO:root:Created Reggae genre folder with 70 tracks in it.
INFO:root:Created RnB genre folder with 101 tracks in it.
INFO:root:Created Vocal genre folder with 42 tracks in it.
INFO:root:Dataset converted with a total number of 1104 tracks.
INFO:root:Created Blues genre folder with 33 tracks in it.
INFO:root:Created Blues genre folder with 33 tracks in it.
INFO:root:Created Country genre folder with 101 tracks in it.
INFO:root:Created Electronic genre folder with 101 tracks in it.
INFO:root:Created Folk genre folder with 65 tracks in it.
INFO:root:Created International genre folder with 85 tracks in it.
INFO:root:Created Jazz genre folder with 101 tracks in it.
INFO:root:Created Latin genre folder with 101 tracks in it.
INFO:root:Created New Age genre folder with 101 tracks in it.
INFO:root:Created Pop_Rock genre folder with 101 tracks in it.
INFO:root:Created Rap genre folder with 101 tracks in it.
INFO:root:Created Reggae genre folder with 70 tracks in it.
INFO:root:Created RnB genre folder with 101 tracks in it.
INFO:root:Created Vocal genre folder with 42 tracks in it.
INFO:root:Dataset converted with a total number of 1104 tracks.
INFO:root:Created Blues genre folder with 33 tracks in it.
INFO:root:Created Blues genre folder with 33 tracks in it.
INFO:root:Created Country genre folder with 101 tracks in it.
INFO:root:Created Electronic genre folder with 101 tracks in it.
INFO:root:Created Folk genre folder with 65 tracks in it.
INFO:root:Created International genre folder with 85 tracks in it.
INFO:root:Created Jazz genre folder with 101 tracks in it.
INFO:root:Created Latin genre folder with 101 tracks in it.
INFO:root:Created New Age genre folder with 101 tracks in it.
INFO:root:Created Pop_Rock genre folder with 101 tracks in it.
INFO:root:Created Rap genre folder with 101 tracks in it.
INFO:root:Created Reggae genre folder with 70 tracks in it.
INFO:root:Created Blues genre folder with 6 tracks in it.
INFO:root:Created Country genre folder with 6 tracks in it.
INFO:root:Created Electronic genre folder with 6 tracks in it.
INFO:root:Created Folk genre folder with 6 tracks in it.
INFO:root:Created International genre folder with 6 tracks in it.
INFO:root:Created Jazz genre folder with 6 tracks in it.
INFO:root:Created Latin genre folder with 6 tracks in it.
INFO:root:Created New Age genre folder with 6 tracks in it.
INFO:root:Created Pop_Rock genre folder with 6 tracks in it.
INFO:root:Created Rap genre folder with 6 tracks in it.
INFO:root:Created Reggae genre folder with 6 tracks in it.
INFO:root:Created RnB genre folder with 6 tracks in it.
INFO:root:Created Vocal genre folder with 6 tracks in it.
INFO:root:Dataset converted with a total number of 79 tracks.
INFO:root:Created Blues genre folder with 2 tracks in it.
INFO:root:Dataset converted with a total number of 3 tracks.
INFO:root:Created Blues genre folder with 2 tracks in it.
INFO:root:Dataset converted with a total number of 3 tracks.
INFO:root:Created Blues genre folder with 2 tracks in it.
INFO:root:Dataset converted with a total number of 3 tracks.
INFO:root:Created Blues genre folder with 2 tracks in it.
INFO:root:Dataset converted with a total number of 3 tracks.
INFO:root:Created Blues genre folder with 2 tracks in it.
INFO:root:Dataset converted with a total number of 3 tracks.
INFO:root:Created Blues genre folder with 2 tracks in it.
INFO:root:Dataset converted with a total number of 3 tracks.
INFO:root:Created Blues genre folder with 6 tracks in it.
INFO:root:Created Country genre folder with 6 tracks in it.
INFO:root:Created Electronic genre folder with 6 tracks in it.
INFO:root:Created Folk genre folder with 6 tracks in it.
INFO:root:Created International genre folder with 6 tracks in it.
INFO:root:Created Jazz genre folder with 6 tracks in it.
INFO:root:Created Latin genre folder with 6 tracks in it.
INFO:root:Created New Age genre folder with 6 tracks in it.
INFO:root:Created Pop_Rock genre folder with 6 tracks in it.
INFO:root:Created Rap genre folder with 6 tracks in it.
INFO:root:Created Reggae genre folder with 6 tracks in it.
INFO:root:Created RnB genre folder with 6 tracks in it.
INFO:root:Created Vocal genre folder with 6 tracks in it.
INFO:root:Dataset converted with a total number of 79 tracks.
INFO:root:Created Blues genre folder with 6 tracks in it.
INFO:root:Created Country genre folder with 6 tracks in it.
INFO:root:Created Electronic genre folder with 6 tracks in it.
INFO:root:Created Folk genre folder with 6 tracks in it.
INFO:root:Created International genre folder with 6 tracks in it.
INFO:root:Created Jazz genre folder with 6 tracks in it.
INFO:root:Created Latin genre folder with 6 tracks in it.
INFO:root:Created New Age genre folder with 6 tracks in it.
INFO:root:Created Pop_Rock genre folder with 6 tracks in it.
INFO:root:Created Rap genre folder with 6 tracks in it.
INFO:root:Created Reggae genre folder with 6 tracks in it.
INFO:root:Created RnB genre folder with 6 tracks in it.
INFO:root:Created Vocal genre folder with 6 tracks in it.
INFO:root:Dataset converted with a total number of 79 tracks.
INFO:root:Created Blues genre folder with 2 tracks in it.
INFO:root:Created Country genre folder with 2 tracks in it.
INFO:root:Created Electronic genre folder with 2 tracks in it.
INFO:root:Created Folk genre folder with 2 tracks in it.
INFO:root:Created International genre folder with 2 tracks in it.
INFO:root:Created Jazz genre folder with 2 tracks in it.
INFO:root:Created Latin genre folder with 2 tracks in it.
INFO:root:Created New Age genre folder with 2 tracks in it.
INFO:root:Created Pop_Rock genre folder with 2 tracks in it.
INFO:root:Created Rap genre folder with 2 tracks in it.
INFO:root:Created Reggae genre folder with 2 tracks in it.
INFO:root:Created RnB genre folder with 2 tracks in it.
INFO:root:Created Vocal genre folder with 2 tracks in it.
INFO:root:Dataset converted with a total number of 27 tracks.
INFO:root:Created Blues genre folder with 2 tracks in it.
INFO:root:Created Country genre folder with 2 tracks in it.
INFO:root:Created Electronic genre folder with 2 tracks in it.
INFO:root:Created Folk genre folder with 2 tracks in it.
INFO:root:Created International genre folder with 2 tracks in it.
INFO:root:Created Jazz genre folder with 2 tracks in it.
INFO:root:Created Latin genre folder with 2 tracks in it.
INFO:root:Created New Age genre folder with 2 tracks in it.
INFO:root:Created Pop_Rock genre folder with 2 tracks in it.
INFO:root:Created Rap genre folder with 2 tracks in it.
INFO:root:Created Reggae genre folder with 2 tracks in it.
INFO:root:Created RnB genre folder with 2 tracks in it.
INFO:root:Created Vocal genre folder with 2 tracks in it.
INFO:root:Dataset converted with a total number of 27 tracks.
INFO:root:Created Blues genre folder with 2 tracks in it.
INFO:root:Created Country genre folder with 2 tracks in it.
INFO:root:Created Electronic genre folder with 2 tracks in it.
INFO:root:Created Folk genre folder with 2 tracks in it.
INFO:root:Created International genre folder with 2 tracks in it.
INFO:root:Created Jazz genre folder with 2 tracks in it.
INFO:root:Created Latin genre folder with 2 tracks in it.
INFO:root:Created New Age genre folder with 2 tracks in it.
INFO:root:Created Pop_Rock genre folder with 2 tracks in it.
INFO:root:Created Rap genre folder with 2 tracks in it.
INFO:root:Created Reggae genre folder with 2 tracks in it.
INFO:root:Created RnB genre folder with 2 tracks in it.
INFO:root:Created Vocal genre folder with 2 tracks in it.
INFO:root:Dataset converted with a total number of 27 tracks.
INFO:root:Created Blues genre folder with 2 tracks in it.
INFO:root:Created Country genre folder with 2 tracks in it.
INFO:root:Created Electronic genre folder with 2 tracks in it.
INFO:root:Created Folk genre folder with 2 tracks in it.
INFO:root:Created International genre folder with 2 tracks in it.
INFO:root:Created Jazz genre folder with 2 tracks in it.
INFO:root:Created Latin genre folder with 2 tracks in it.
INFO:root:Created New Age genre folder with 2 tracks in it.
INFO:root:Created Pop_Rock genre folder with 2 tracks in it.
INFO:root:Created Rap genre folder with 2 tracks in it.
INFO:root:Created Reggae genre folder with 2 tracks in it.
INFO:root:Created RnB genre folder with 2 tracks in it.
INFO:root:Created Vocal genre folder with 2 tracks in it.
INFO:root:Dataset converted with a total number of 27 tracks.
INFO:root:Created Blues genre folder with 2 tracks in it.
INFO:root:Created Country genre folder with 2 tracks in it.
INFO:root:Created Electronic genre folder with 2 tracks in it.
INFO:root:Created Folk genre folder with 2 tracks in it.
INFO:root:Created International genre folder with 2 tracks in it.
INFO:root:Created Jazz genre folder with 2 tracks in it.
INFO:root:Created Latin genre folder with 2 tracks in it.
INFO:root:Created New Age genre folder with 2 tracks in it.
INFO:root:Created Pop_Rock genre folder with 2 tracks in it.
INFO:root:Created Rap genre folder with 2 tracks in it.
INFO:root:Created Reggae genre folder with 2 tracks in it.
INFO:root:Created RnB genre folder with 2 tracks in it.
INFO:root:Created Vocal genre folder with 2 tracks in it.
INFO:root:Dataset converted with a total number of 27 tracks.
INFO:root:Created Blues genre folder with 11 tracks in it.
INFO:root:Created Country genre folder with 11 tracks in it.
INFO:root:Created Electronic genre folder with 11 tracks in it.
INFO:root:Created Folk genre folder with 11 tracks in it.
INFO:root:Created International genre folder with 11 tracks in it.
INFO:root:Created Jazz genre folder with 11 tracks in it.
INFO:root:Created Latin genre folder with 11 tracks in it.
INFO:root:Created New Age genre folder with 11 tracks in it.
INFO:root:Created Pop_Rock genre folder with 11 tracks in it.
INFO:root:Created Rap genre folder with 11 tracks in it.
INFO:root:Created Reggae genre folder with 11 tracks in it.
INFO:root:Created RnB genre folder with 11 tracks in it.
INFO:root:Created Vocal genre folder with 11 tracks in it.
INFO:root:Dataset converted with a total number of 144 tracks.
INFO:root:Created Blues genre folder with 6 tracks in it.
INFO:root:Dataset converted with a total number of 7 tracks.
INFO:root:Created Blues genre folder with 6 tracks in it.
INFO:root:Dataset converted with a total number of 7 tracks.
INFO:root:Created Blues genre folder with 6 tracks in it.
INFO:root:Dataset converted with a total number of 7 tracks.
INFO:root:Created Blues genre folder with 6 tracks in it.
INFO:root:Dataset converted with a total number of 7 tracks.
INFO:root:Created Blues genre folder with 6 tracks in it.
INFO:root:Dataset converted with a total number of 7 tracks.
INFO:root:Created Blues genre folder with 6 tracks in it.
INFO:root:Dataset converted with a total number of 7 tracks.
INFO:root:Created Blues genre folder with 6 tracks in it.
INFO:root:Dataset converted with a total number of 7 tracks.
INFO:root:Created Blues genre folder with 3 tracks in it.
INFO:root:Dataset converted with a total number of 4 tracks.
INFO:root:Created Blues genre folder with 3 tracks in it.
INFO:root:Dataset converted with a total number of 4 tracks.
INFO:root:Created Blues genre folder with 3 tracks in it.
INFO:root:Dataset converted with a total number of 4 tracks.
INFO:root:Created Blues genre folder with 3 tracks in it.
INFO:root:Dataset converted with a total number of 4 tracks.
INFO:root:Created Blues genre folder with 11 tracks in it.
INFO:root:Created Country genre folder with 11 tracks in it.
INFO:root:Created Electronic genre folder with 11 tracks in it.
INFO:root:Created Folk genre folder with 11 tracks in it.
INFO:root:Created International genre folder with 11 tracks in it.
INFO:root:Created Jazz genre folder with 11 tracks in it.
INFO:root:Created Latin genre folder with 11 tracks in it.
INFO:root:Created New Age genre folder with 11 tracks in it.
INFO:root:Created Pop_Rock genre folder with 11 tracks in it.
INFO:root:Created Rap genre folder with 11 tracks in it.
INFO:root:Created Reggae genre folder with 11 tracks in it.
INFO:root:Created RnB genre folder with 11 tracks in it.
INFO:root:Created Vocal genre folder with 11 tracks in it.
INFO:root:Dataset converted with a total number of 144 tracks.
INFO:root:Created Blues genre folder with 11 tracks in it.
INFO:root:Created Country genre folder with 11 tracks in it.
INFO:root:Created Electronic genre folder with 11 tracks in it.
INFO:root:Created Folk genre folder with 11 tracks in it.
INFO:root:Created International genre folder with 11 tracks in it.
INFO:root:Created Jazz genre folder with 11 tracks in it.
INFO:root:Created Latin genre folder with 11 tracks in it.
INFO:root:Created New Age genre folder with 11 tracks in it.
INFO:root:Created Pop_Rock genre folder with 11 tracks in it.
INFO:root:Created Rap genre folder with 11 tracks in it.
INFO:root:Created Reggae genre folder with 11 tracks in it.
INFO:root:Created RnB genre folder with 11 tracks in it.
INFO:root:Created Vocal genre folder with 11 tracks in it.
INFO:root:Dataset converted with a total number of 144 tracks.
INFO:root:Created Blues genre folder with 11 tracks in it.
INFO:root:Created Country genre folder with 11 tracks in it.
INFO:root:Created Electronic genre folder with 11 tracks in it.
INFO:root:Created Folk genre folder with 11 tracks in it.
INFO:root:Created International genre folder with 11 tracks in it.
INFO:root:Created Jazz genre folder with 11 tracks in it.
INFO:root:Created Latin genre folder with 11 tracks in it.
INFO:root:Created New Age genre folder with 11 tracks in it.
INFO:root:Created Pop_Rock genre folder with 11 tracks in it.
INFO:root:Created Rap genre folder with 11 tracks in it.
INFO:root:Created Reggae genre folder with 11 tracks in it.
INFO:root:Created RnB genre folder with 11 tracks in it.
INFO:root:Created Vocal genre folder with 11 tracks in it.
INFO:root:Dataset converted with a total number of 144 tracks.
INFO:root:Created Blues genre folder with 11 tracks in it.
INFO:root:Created Country genre folder with 11 tracks in it.
INFO:root:Created Electronic genre folder with 11 tracks in it.
INFO:root:Created Folk genre folder with 11 tracks in it.
INFO:root:Created International genre folder with 11 tracks in it.
INFO:root:Created Jazz genre folder with 11 tracks in it.
INFO:root:Created Latin genre folder with 11 tracks in it.
INFO:root:Created New Age genre folder with 11 tracks in it.
INFO:root:Created Pop_Rock genre folder with 11 tracks in it.
INFO:root:Created Rap genre folder with 11 tracks in it.
INFO:root:Created Reggae genre folder with 11 tracks in it.
INFO:root:Created RnB genre folder with 11 tracks in it.
INFO:root:Created Vocal genre folder with 11 tracks in it.
INFO:root:Dataset converted with a total number of 144 tracks.
INFO:root:Created Blues genre folder with 3 tracks in it.
INFO:root:Dataset converted with a total number of 4 tracks.
INFO:root:Created Blues genre folder with 6 tracks in it.
INFO:root:Created Country genre folder with 4 tracks in it.
INFO:root:Created Folk genre folder with 4 tracks in it.
INFO:root:Created Jazz genre folder with 4 tracks in it.
INFO:root:Created Latin genre folder with 4 tracks in it.
INFO:root:Created Pop genre folder with 4 tracks in it.
INFO:root:Created Rap genre folder with 4 tracks in it.
INFO:root:Created Rnb genre folder with 4 tracks in it.
INFO:root:Created Rock genre folder with 4 tracks in it.
INFO:root:Dataset converted with a total number of 39 tracks.
INFO:root:Created Blues genre folder with 5 tracks in it.
INFO:root:Created Country genre folder with 4 tracks in it.
INFO:root:Created Folk genre folder with 4 tracks in it.
INFO:root:Created Jazz genre folder with 4 tracks in it.
INFO:root:Created Latin genre folder with 4 tracks in it.
INFO:root:Created Pop genre folder with 4 tracks in it.
INFO:root:Created Rap genre folder with 4 tracks in it.
INFO:root:Created Rnb genre folder with 4 tracks in it.
INFO:root:Created rock genre folder with 4 tracks in it.
INFO:root:Dataset converted with a total number of 38 tracks.
INFO:root:Created Blues genre folder with 5 tracks in it.
INFO:root:Created Country genre folder with 4 tracks in it.
INFO:root:Created Folk genre folder with 4 tracks in it.
INFO:root:Created Jazz genre folder with 4 tracks in it.
INFO:root:Created Latin genre folder with 4 tracks in it.
INFO:root:Created Pop genre folder with 4 tracks in it.
INFO:root:Created Rap genre folder with 4 tracks in it.
INFO:root:Created Rnb genre folder with 4 tracks in it.
INFO:root:Created Rock genre folder with 4 tracks in it.
INFO:root:Dataset converted with a total number of 38 tracks.
INFO:root:Created Blues genre folder with 5 tracks in it.
INFO:root:Created Country genre folder with 4 tracks in it.
INFO:root:Created Folk genre folder with 4 tracks in it.
INFO:root:Created Jazz genre folder with 4 tracks in it.
INFO:root:Created Latin genre folder with 4 tracks in it.
INFO:root:Created Pop genre folder with 4 tracks in it.
INFO:root:Created Rap genre folder with 4 tracks in it.
INFO:root:Created Rnb genre folder with 4 tracks in it.
INFO:root:Created Rock genre folder with 4 tracks in it.
INFO:root:Dataset converted with a total number of 38 tracks.
INFO:root:Created Blues genre folder with 5 tracks in it.
INFO:root:Created Country genre folder with 4 tracks in it.
INFO:root:Created Folk genre folder with 4 tracks in it.
INFO:root:Created Jazz genre folder with 4 tracks in it.
INFO:root:Created Latin genre folder with 4 tracks in it.
INFO:root:Created Pop genre folder with 4 tracks in it.
INFO:root:Created Rap genre folder with 4 tracks in it.
INFO:root:Created Rnb genre folder with 4 tracks in it.
INFO:root:Created Rock genre folder with 4 tracks in it.
INFO:root:Dataset converted with a total number of 38 tracks.
INFO:root:Created Blues genre folder with 5 tracks in it.
INFO:root:Created Country genre folder with 4 tracks in it.
INFO:root:Created Folk genre folder with 4 tracks in it.
INFO:root:Created Jazz genre folder with 4 tracks in it.
INFO:root:Created Latin genre folder with 4 tracks in it.
INFO:root:Created Pop genre folder with 4 tracks in it.
INFO:root:Created Rap genre folder with 4 tracks in it.
INFO:root:Created Rnb genre folder with 4 tracks in it.
INFO:root:Created Rock genre folder with 4 tracks in it.
INFO:root:Dataset converted with a total number of 38 tracks.
