ERROR:root:Failed to change permissions or copy file: [Errno 13] Permission denied: './raw_dataset/Country/e9d3f84417593e236fbe6cfe6999f131.mid'
ERROR:root:Failed to change permissions or copy file: [Errno 13] Permission denied: './raw_dataset/Pop_Rock/f723e2253058b2e8933833edba621e3f.mid'
ERROR:root:Failed to change permissions or copy file: [Errno 13] Permission denied: './raw_dataset/Pop_Rock/87094c038fc43cad99c5b62257c54bdb.mid'
ERROR:root:Failed to change permissions or copy file: [Errno 13] Permission denied: './raw_dataset/Pop_Rock/1d4e45fbdbdd439f4193c818966c2758.mid'
ERROR:root:Failed to change permissions or copy file: [Errno 13] Permission denied: './raw_dataset/Pop_Rock/a94f2ac2182fad659a8fefb7d4cef7d3.mid'
ERROR:root:Failed to change permissions or copy file: [Errno 13] Permission denied: './raw_dataset/Pop_Rock/0a2ecc8127c1818903bd794a690129f2.mid'
ERROR:root:Failed to change permissions or copy file: [Errno 13] Permission denied: './raw_dataset/Pop_Rock/f69b87dd8644900bdb1afb6215ada28c.mid'
ERROR:root:Failed to change permissions or copy file: [Errno 13] Permission denied: './raw_dataset/Pop_Rock/55ed63ea4cb261e8f72e50d2be40ff80.mid'
ERROR:root:Failed to change permissions or copy file: [Errno 13] Permission denied: './raw_dataset/Pop_Rock/95ff26ba5c6bd609757811e55d1ac05e.mid'
ERROR:root:Failed to change permissions or copy file: [Errno 13] Permission denied: './raw_dataset/Pop_Rock/315cea9e2c1ce727d82ccef25ff7c065.mid'
ERROR:root:Failed to change permissions or copy file: [Errno 13] Permission denied: './raw_dataset/Pop_Rock/2ce36f324f48c620b013ad379080d3bd.mid'
ERROR:root:Failed to change permissions or copy file: [Errno 13] Permission denied: './raw_dataset/Pop_Rock/ad2ae826d39b1ad996eac0ce8eb3b844.mid'
ERROR:root:Failed to change permissions or copy file: [Errno 13] Permission denied: './raw_dataset/Pop_Rock/15d63fefeb78e3a9af6e32462292db85.mid'
ERROR:root:Failed to change permissions or copy file: [Errno 13] Permission denied: './raw_dataset/Pop_Rock/9593fe58c963bce01de528a3bf350846.mid'
ERROR:root:Failed to change permissions or copy file: [Errno 13] Permission denied: './raw_dataset/Pop_Rock/874c4caf9d45f3d8fb646ef53e232d8c.mid'
ERROR:root:Failed to change permissions or copy file: [Errno 13] Permission denied: './raw_dataset/Pop_Rock/71e933f99d0ffd6427cff67f6647a677.mid'
ERROR:root:Failed to change permissions or copy file: [Errno 13] Permission denied: './raw_dataset/Pop_Rock/0410714432c258bcc165ca887fca9d76.mid'
ERROR:root:Failed to change permissions or copy file: [Errno 13] Permission denied: './raw_dataset/Pop_Rock/1d4e45fbdbdd439f4193c818966c2758.mid'
ERROR:root:Failed to change permissions or copy file: [Errno 13] Permission denied: './raw_dataset/Pop_Rock/82be8b6d4b0c5713221b1936b2e25a84.mid'
ERROR:root:Failed to change permissions or copy file: [Errno 13] Permission denied: './raw_dataset/Pop_Rock/33daa21cfb216da5a7b4f75b936070a7.mid'
ERROR:root:Failed to change permissions or copy file: [Errno 13] Permission denied: './raw_dataset/Pop_Rock/4730a435112c3a412405d0827df415d5.mid'
ERROR:root:Failed to change permissions or copy file: [Errno 13] Permission denied: './raw_dataset/Pop_Rock/0ad3c31d7a910c3f1a33d6f2a9a25030.mid'
ERROR:root:Failed to change permissions or copy file: [Errno 13] Permission denied: './raw_dataset/Pop_Rock/1627ba4a65d1126bb00ae47260651818.mid'
ERROR:root:Failed to change permissions or copy file: [Errno 13] Permission denied: './raw_dataset/Pop_Rock/50b2ac4d9ec9f973ef3e77ea925df97c.mid'
ERROR:root:Failed to change permissions or copy file: [Errno 13] Permission denied: './raw_dataset/Pop_Rock/df9ddb935574b052a7c4db93c85aebeb.mid'
ERROR:root:Failed to change permissions or copy file: [Errno 13] Permission denied: './raw_dataset/Pop_Rock/68d855d4ff1a14ebb65925ee268ab9cd.mid'
ERROR:root:Failed to change permissions or copy file: [Errno 13] Permission denied: './raw_dataset/Pop_Rock/a7d8bf17b1c0bfa753a23e8ed0684470.mid'
ERROR:root:Failed to change permissions or copy file: [Errno 13] Permission denied: './raw_dataset/Pop_Rock/c35f4c572486acd204d9cbda1531ed12.mid'
ERROR:root:Failed to change permissions or copy file: [Errno 13] Permission denied: './raw_dataset/Pop_Rock/f1a6024647eed39009ef5a92814b0735.mid'
ERROR:root:Failed to change permissions or copy file: [Errno 13] Permission denied: './raw_dataset/Pop_Rock/34c7e6e583616ab7c606804de791f702.mid'
ERROR:root:Failed to change permissions or copy file: [Errno 13] Permission denied: './raw_dataset/Pop_Rock/dc96f084b821e9d97dcf927d55d47219.mid'
ERROR:root:Failed to change permissions or copy file: [Errno 13] Permission denied: './raw_dataset/Pop_Rock/dfe9c2a49568372241964235e5429f38.mid'
ERROR:root:Failed to change permissions or copy file: [Errno 13] Permission denied: './raw_dataset/Pop_Rock/13d88a97e0b842c845f2d7920edc53d1.mid'
ERROR:root:Failed to change permissions or copy file: [Errno 13] Permission denied: './raw_dataset/Pop_Rock/927a6cc33776d3e0fe9bf1eb1b6d7a6f.mid'
ERROR:root:Failed to change permissions or copy file: [Errno 13] Permission denied: './raw_dataset/Pop_Rock/f1fd1315348bff3dbacbd2731ae37b1c.mid'
ERROR:root:Failed to change permissions or copy file: [Errno 13] Permission denied: './raw_dataset/Pop_Rock/0410714432c258bcc165ca887fca9d76.mid'
ERROR:root:Failed to change permissions or copy file: [Errno 13] Permission denied: './raw_dataset/Pop_Rock/1627ba4a65d1126bb00ae47260651818.mid'
ERROR:root:Failed to change permissions or copy file: [Errno 13] Permission denied: './raw_dataset/Pop_Rock/9ce8f7b1c27ad74d05163c2562e4c1b3.mid'
ERROR:root:Failed to change permissions or copy file: [Errno 13] Permission denied: './raw_dataset/Country/7daacb647e8968e7422d59912f8153fd.mid'
ERROR:root:Failed to change permissions or copy file: [Errno 13] Permission denied: './raw_dataset/Country/e437760fbc0d95928f8f9ae4bebe4424.mid'
ERROR:root:Failed to change permissions or copy file: [Errno 13] Permission denied: './raw_dataset/Pop_Rock/74aadf5236f79abf29aa4990f3069c8d.mid'
ERROR:root:Failed to change permissions or copy file: [Errno 13] Permission denied: './raw_dataset/Pop_Rock/0a4725923006c995ed5174f10c8d663a.mid'
ERROR:root:Failed to change permissions or copy file: [Errno 13] Permission denied: './raw_dataset/Pop_Rock/98c2fe100102e853d293cec2353e35bc.mid'
ERROR:root:Failed to change permissions or copy file: [Errno 13] Permission denied: './raw_dataset/Pop_Rock/7b23f02b2df913c2499a4eb73d0a4de5.mid'
ERROR:root:Failed to change permissions or copy file: [Errno 13] Permission denied: './raw_dataset/Pop_Rock/9ce8f7b1c27ad74d05163c2562e4c1b3.mid'
ERROR:root:Failed to change permissions or copy file: [Errno 13] Permission denied: './raw_dataset/Electronic/fbf567d39dc7c46b4988af4b4fbd42d2.mid'
ERROR:root:Failed to change permissions or copy file: [Errno 13] Permission denied: './raw_dataset/Pop_Rock/b93ba3761b8a572f3d6dfe329563e49d.mid'
ERROR:root:Failed to change permissions or copy file: [Errno 13] Permission denied: './raw_dataset/Pop_Rock/e7b0eee6d2fba724dce23933b045a022.mid'
ERROR:root:Failed to change permissions or copy file: [Errno 13] Permission denied: './raw_dataset/Pop_Rock/89b87e8b76c9636418a2a80555436f1f.mid'
ERROR:root:Failed to change permissions or copy file: [Errno 13] Permission denied: './raw_dataset/Pop_Rock/324c07378e3f1184b6570a46adc65063.mid'
ERROR:root:Failed to change permissions or copy file: [Errno 13] Permission denied: './raw_dataset/Country/ab47f8064b0a40ff1af63cdd063cfb67.mid'
ERROR:root:Failed to change permissions or copy file: [Errno 13] Permission denied: './raw_dataset/Pop_Rock/13d88a97e0b842c845f2d7920edc53d1.mid'
ERROR:root:Failed to change permissions or copy file: [Errno 13] Permission denied: './raw_dataset/Pop_Rock/8ee0f5a94af7d207df51c8230feb57a6.mid'
ERROR:root:Failed to change permissions or copy file: [Errno 13] Permission denied: './raw_dataset/Pop_Rock/927a6cc33776d3e0fe9bf1eb1b6d7a6f.mid'
ERROR:root:Failed to change permissions or copy file: [Errno 13] Permission denied: './raw_dataset/Pop_Rock/f1fd1315348bff3dbacbd2731ae37b1c.mid'
ERROR:root:Failed to change permissions or copy file: [Errno 13] Permission denied: './raw_dataset/Pop_Rock/a7d8bf17b1c0bfa753a23e8ed0684470.mid'
ERROR:root:Failed to change permissions or copy file: [Errno 13] Permission denied: './raw_dataset/Country/e437760fbc0d95928f8f9ae4bebe4424.mid'
ERROR:root:Failed to change permissions or copy file: [Errno 13] Permission denied: './raw_dataset/Pop_Rock/cff36983f68880110b67e92b256b9823.mid'
ERROR:root:Failed to change permissions or copy file: [Errno 13] Permission denied: './raw_dataset/Pop_Rock/0e9db6f3b59d69cb4d47ebc8ac2eed68.mid'
ERROR:root:Failed to change permissions or copy file: [Errno 13] Permission denied: './raw_dataset/Pop_Rock/7d42a95293cc47bcacfaa5681e7d4a6f.mid'
ERROR:root:Failed to change permissions or copy file: [Errno 13] Permission denied: './raw_dataset/Pop_Rock/96d9773841e48585f64f6c479e893b19.mid'
ERROR:root:Failed to change permissions or copy file: [Errno 13] Permission denied: './raw_dataset/Electronic/38af07a7da967b615f55b05a7ccec1c6.mid'
ERROR:root:Failed to change permissions or copy file: [Errno 13] Permission denied: './raw_dataset/Pop_Rock/0aca7e804513495b591486168e7f7a6b.mid'
ERROR:root:Failed to change permissions or copy file: [Errno 13] Permission denied: './raw_dataset/Country/bca1cc4209030e43f58eb69adf08ae08.mid'
ERROR:root:Failed to change permissions or copy file: [Errno 13] Permission denied: './raw_dataset/Pop_Rock/8210072decc3b0de0adfdfa3e3d242d0.mid'
ERROR:root:Failed to change permissions or copy file: [Errno 13] Permission denied: './raw_dataset/Country/f1c9d8506e38ccf049216fb367fbe57b.mid'
ERROR:root:Failed to change permissions or copy file: [Errno 13] Permission denied: './raw_dataset/Pop_Rock/2b9b9d6c3b424e39b036fa8d7ab330c6.mid'
ERROR:root:Failed to change permissions or copy file: [Errno 13] Permission denied: './raw_dataset/Pop_Rock/7a9995d107f5dc728590daa3d13fbfc1.mid'
ERROR:root:Failed to change permissions or copy file: [Errno 13] Permission denied: './raw_dataset/Pop_Rock/c65abe39fef4c63ef6f8c8732c2f1a88.mid'
ERROR:root:Failed to change permissions or copy file: [Errno 13] Permission denied: './raw_dataset/Pop_Rock/9a0208c5eefa89ef1d05a8a2a06acdc8.mid'
ERROR:root:Failed to change permissions or copy file: [Errno 13] Permission denied: './raw_dataset/Pop_Rock/01f963c88ee73a22a7e91cd66780d5b8.mid'
ERROR:root:Failed to change permissions or copy file: [Errno 13] Permission denied: './raw_dataset/Pop_Rock/719bb7da3f91b541685719439261f14e.mid'
ERROR:root:Failed to change permissions or copy file: [Errno 13] Permission denied: './raw_dataset/Pop_Rock/b75a1ca9a4c61ae4b2124e73bf407fe5.mid'
ERROR:root:Failed to change permissions or copy file: [Errno 13] Permission denied: './raw_dataset/Pop_Rock/ed1cd01ec0b9bd663d27c648557331a8.mid'
ERROR:root:Failed to change permissions or copy file: [Errno 13] Permission denied: './raw_dataset/Pop_Rock/723a25d60233cd3bfa50d1e5d412829c.mid'
ERROR:root:Failed to change permissions or copy file: [Errno 13] Permission denied: './raw_dataset/Pop_Rock/bd97a49d0a036be8bc8a4f8dad41ae03.mid'
ERROR:root:Failed to change permissions or copy file: [Errno 13] Permission denied: './raw_dataset/Pop_Rock/9e301cca6886a0db7f8538f27ab87c07.mid'
ERROR:root:Failed to change permissions or copy file: [Errno 13] Permission denied: './raw_dataset/Pop_Rock/2b9b9d6c3b424e39b036fa8d7ab330c6.mid'
ERROR:root:Failed to change permissions or copy file: [Errno 13] Permission denied: './raw_dataset/Electronic/13ec87e25d1837b9e0646c1b9af25bd8.mid'
ERROR:root:Failed to change permissions or copy file: [Errno 13] Permission denied: './raw_dataset/Pop_Rock/ca59fc2faae317da1be9a421ad483396.mid'
ERROR:root:Failed to change permissions or copy file: [Errno 13] Permission denied: './raw_dataset/Pop_Rock/3f3e95e6dcad9c29e3c3a8409ba460d8.mid'
ERROR:root:Failed to change permissions or copy file: [Errno 13] Permission denied: './raw_dataset/Pop_Rock/89b87e8b76c9636418a2a80555436f1f.mid'
ERROR:root:Failed to change permissions or copy file: [Errno 13] Permission denied: './raw_dataset/Pop_Rock/f6aa44c09a769842eaf0ea6f2144d15b.mid'
ERROR:root:Failed to change permissions or copy file: [Errno 13] Permission denied: './raw_dataset/Pop_Rock/398d98901bdfee14c031fd6cd0c04d32.mid'
ERROR:root:Failed to change permissions or copy file: [Errno 13] Permission denied: './raw_dataset/Pop_Rock/d86dd9a5780185b273447331a518a9e6.mid'
ERROR:root:Failed to change permissions or copy file: [Errno 13] Permission denied: './raw_dataset/Pop_Rock/7c84b0611f25f20feb2039011c3bec40.mid'
ERROR:root:Failed to change permissions or copy file: [Errno 13] Permission denied: './raw_dataset/Pop_Rock/a36a3c9a029372e5bf9532404d445f17.mid'
ERROR:root:Failed to change permissions or copy file: [Errno 13] Permission denied: './raw_dataset/Pop_Rock/9ce8f7b1c27ad74d05163c2562e4c1b3.mid'
ERROR:root:Failed to change permissions or copy file: [Errno 13] Permission denied: './raw_dataset/Pop_Rock/33daa21cfb216da5a7b4f75b936070a7.mid'
ERROR:root:Failed to change permissions or copy file: [Errno 13] Permission denied: './raw_dataset/Pop_Rock/5367f4a6a774be47a47b9b8c40a5605b.mid'
ERROR:root:Failed to change permissions or copy file: [Errno 13] Permission denied: './raw_dataset/Pop_Rock/892d1f9d69847b03b0e0a24e7c5bd333.mid'
ERROR:root:Failed to change permissions or copy file: [Errno 13] Permission denied: './raw_dataset/Pop_Rock/a198d0bb38082a486eecb1b7269bc14c.mid'
ERROR:root:Failed to change permissions or copy file: [Errno 13] Permission denied: './raw_dataset/Pop_Rock/d7a88dc047d9fe190110a2ee16ee7a86.mid'
ERROR:root:Failed to change permissions or copy file: [Errno 13] Permission denied: './raw_dataset/Pop_Rock/e7c8ada45d842f9fb96eae4ab3976912.mid'
ERROR:root:Failed to change permissions or copy file: [Errno 13] Permission denied: './raw_dataset/Pop_Rock/315cea9e2c1ce727d82ccef25ff7c065.mid'
ERROR:root:Failed to change permissions or copy file: [Errno 13] Permission denied: './raw_dataset/Pop_Rock/5d75e0c8243f6a53f78791ca6b70cad3.mid'
ERROR:root:Failed to change permissions or copy file: [Errno 13] Permission denied: './raw_dataset/Pop_Rock/812938149a836319009a582a32c1057a.mid'
ERROR:root:Failed to change permissions or copy file: [Errno 13] Permission denied: './raw_dataset/Electronic/3dac0908f76974b4431aac7da2b316a3.mid'
ERROR:root:Failed to change permissions or copy file: [Errno 13] Permission denied: './raw_dataset/Country/7daacb647e8968e7422d59912f8153fd.mid'
ERROR:root:Failed to change permissions or copy file: [Errno 13] Permission denied: './raw_dataset/Pop_Rock/1335389690649b2c869cbf5dd9803eb5.mid'
ERROR:root:Failed to change permissions or copy file: [Errno 13] Permission denied: './raw_dataset/Pop_Rock/520f6d2106a07d195c700d5fc21e3c30.mid'
ERROR:root:Failed to change permissions or copy file: [Errno 13] Permission denied: './raw_dataset/Pop_Rock/e0e834c4e52cebb53a6c8465911a6688.mid'
ERROR:root:Failed to change permissions or copy file: [Errno 13] Permission denied: './raw_dataset/Electronic/9a0208c5eefa89ef1d05a8a2a06acdc8.mid'
ERROR:root:Failed to change permissions or copy file: [Errno 13] Permission denied: './raw_dataset/Pop_Rock/c467448563d185082535d09fa279b0a3.mid'
ERROR:root:Failed to change permissions or copy file: [Errno 13] Permission denied: './raw_dataset/Pop_Rock/f16d0de25672d2ff11ff0a16c302e691.mid'
ERROR:root:Failed to change permissions or copy file: [Errno 13] Permission denied: './raw_dataset/Pop_Rock/3f3e95e6dcad9c29e3c3a8409ba460d8.mid'
ERROR:root:Failed to change permissions or copy file: [Errno 13] Permission denied: './raw_dataset/Pop_Rock/6e8d588743c9cf36232099dd2c9c4349.mid'
ERROR:root:Failed to change permissions or copy file: [Errno 13] Permission denied: './raw_dataset/Pop_Rock/0bb8f4fc16294bf3094669844e33569a.mid'
ERROR:root:Failed to change permissions or copy file: [Errno 13] Permission denied: './raw_dataset/Pop_Rock/62cdd472fed0bdad429f515c9dd10686.mid'
ERROR:root:Failed to change permissions or copy file: [Errno 13] Permission denied: './raw_dataset/Pop_Rock/797a43704144918f4b4a0922be48f312.mid'
ERROR:root:Failed to change permissions or copy file: [Errno 13] Permission denied: './raw_dataset/Pop_Rock/8319d6f2348ad20044f093d923e3be0d.mid'
ERROR:root:Failed to change permissions or copy file: [Errno 13] Permission denied: './raw_dataset/Pop_Rock/a800ebc4463377c6cbba82264f738ce5.mid'
ERROR:root:Failed to change permissions or copy file: [Errno 13] Permission denied: './raw_dataset/Pop_Rock/b917a794a59b147b1602522a1162da2c.mid'
ERROR:root:Failed to change permissions or copy file: [Errno 13] Permission denied: './raw_dataset/Pop_Rock/b942476728817dfaf53ed61745214027.mid'
ERROR:root:Failed to change permissions or copy file: [Errno 13] Permission denied: './raw_dataset/Pop_Rock/c35f4c572486acd204d9cbda1531ed12.mid'
ERROR:root:Failed to change permissions or copy file: [Errno 13] Permission denied: './raw_dataset/Pop_Rock/ee875e26202d5991a5ae674db25fdb1c.mid'
ERROR:root:Failed to change permissions or copy file: [Errno 13] Permission denied: './raw_dataset/Pop_Rock/f1a6024647eed39009ef5a92814b0735.mid'
ERROR:root:Failed to change permissions or copy file: [Errno 13] Permission denied: './raw_dataset/Pop_Rock/18623aff6d99a377e40fafd3d6a1815f.mid'
ERROR:root:Failed to change permissions or copy file: [Errno 13] Permission denied: './raw_dataset/Electronic/13ec87e25d1837b9e0646c1b9af25bd8.mid'
ERROR:root:Failed to change permissions or copy file: [Errno 13] Permission denied: './raw_dataset/Electronic/5e403e821f3aecab880a9397eab442d5.mid'
ERROR:root:Failed to change permissions or copy file: [Errno 13] Permission denied: './raw_dataset/Pop_Rock/2ae2501180e3402d613c9bd6e0408d1b.mid'
ERROR:root:Failed to change permissions or copy file: [Errno 13] Permission denied: './raw_dataset/Reggae/a36a3c9a029372e5bf9532404d445f17.mid'
ERROR:root:Failed to change permissions or copy file: [Errno 13] Permission denied: './raw_dataset/Pop_Rock/0e9db6f3b59d69cb4d47ebc8ac2eed68.mid'
ERROR:root:Failed to change permissions or copy file: [Errno 13] Permission denied: './raw_dataset/Pop_Rock/7d42a95293cc47bcacfaa5681e7d4a6f.mid'
ERROR:root:Failed to change permissions or copy file: [Errno 13] Permission denied: './raw_dataset/Pop_Rock/96d9773841e48585f64f6c479e893b19.mid'
ERROR:root:Failed to change permissions or copy file: [Errno 13] Permission denied: './raw_dataset/Pop_Rock/e281f43a82f63105310bec30a32496a3.mid'
ERROR:root:Failed to change permissions or copy file: [Errno 13] Permission denied: './raw_dataset/Country/bca1cc4209030e43f58eb69adf08ae08.mid'
ERROR:root:Failed to change permissions or copy file: [Errno 13] Permission denied: './raw_dataset/Pop_Rock/df9560544e11597c51cd3285bda2539d.mid'
ERROR:root:Failed to change permissions or copy file: [Errno 13] Permission denied: './raw_dataset/Electronic/21d2123e7692d2bdfde6bf4bcba692db.mid'
ERROR:root:Failed to change permissions or copy file: [Errno 13] Permission denied: './raw_dataset/Pop_Rock/f4ab0fd6c0c4154ecfdff6f3cd5295d3.mid'
ERROR:root:Failed to change permissions or copy file: [Errno 13] Permission denied: './raw_dataset/Pop_Rock/65d6895f32bf6485ec0a0e3568758f88.mid'
ERROR:root:Failed to change permissions or copy file: [Errno 13] Permission denied: './raw_dataset/Pop_Rock/e8022123e913f165f5cc2d0bcd9354ba.mid'
ERROR:root:Failed to change permissions or copy file: [Errno 13] Permission denied: './raw_dataset/Pop_Rock/eb508f67438216c37a9c4e701eb5f3c1.mid'
ERROR:root:Failed to change permissions or copy file: [Errno 13] Permission denied: './raw_dataset/Pop_Rock/b71f6cd56eb098c1bde0df0fad6485fb.mid'
ERROR:root:Failed to change permissions or copy file: [Errno 13] Permission denied: './raw_dataset/Electronic/d1a84770cec7fbc168b4b6906d21e175.mid'
ERROR:root:Failed to change permissions or copy file: [Errno 13] Permission denied: './raw_dataset/Rap/496b1c09a5bbfb7ddec1a865f5c033f5.mid'
ERROR:root:Failed to change permissions or copy file: [Errno 13] Permission denied: './raw_dataset/Country/1a52d0e4ff63a13fd99111d0ce8aaee5.mid'
ERROR:root:Failed to change permissions or copy file: [Errno 13] Permission denied: './raw_dataset/Country/8ec7396f16d935d5d62c680f531924d4.mid'
ERROR:root:Failed to change permissions or copy file: [Errno 13] Permission denied: './raw_dataset/Country/f1a951d8dc9172dc7bb167e80defcfd4.mid'
ERROR:root:Failed to change permissions or copy file: [Errno 13] Permission denied: './raw_dataset/Electronic/0ab7ca76890555b037a00e7e9520ce41.mid'
ERROR:root:Failed to change permissions or copy file: [Errno 13] Permission denied: './raw_dataset/Pop_Rock/23eee9da65e3a87effe231373ba13edd.mid'
ERROR:root:Failed to change permissions or copy file: [Errno 13] Permission denied: './raw_dataset/Pop_Rock/803b424aa1cef2da475a789fe2a651df.mid'
ERROR:root:Failed to change permissions or copy file: [Errno 13] Permission denied: './raw_dataset/Pop_Rock/eef66396b48798dc4fa0be8d05b81d56.mid'
ERROR:root:Failed to change permissions or copy file: [Errno 13] Permission denied: './raw_dataset/Pop_Rock/2b58b84e35d809b0fe3717bc344205df.mid'
ERROR:root:Failed to change permissions or copy file: [Errno 13] Permission denied: './raw_dataset/Pop_Rock/4da58a2f1d56679d8013e2b71ea4ecbf.mid'
ERROR:root:Failed to change permissions or copy file: [Errno 13] Permission denied: './raw_dataset/Pop_Rock/e906e71a6cc2891d2fb944f9773af684.mid'
ERROR:root:Failed to change permissions or copy file: [Errno 13] Permission denied: './raw_dataset/Pop_Rock/2ac8563e4883aed6d75900a1b979ac31.mid'
ERROR:root:Failed to change permissions or copy file: [Errno 13] Permission denied: './raw_dataset/Pop_Rock/3d058a972c3f06f5d55cf79eb048f675.mid'
ERROR:root:Failed to change permissions or copy file: [Errno 13] Permission denied: './raw_dataset/Pop_Rock/57d6e97aeea3f5693eb22d7bce9a1bed.mid'
ERROR:root:Failed to change permissions or copy file: [Errno 13] Permission denied: './raw_dataset/Pop_Rock/71e933f99d0ffd6427cff67f6647a677.mid'
ERROR:root:Failed to change permissions or copy file: [Errno 13] Permission denied: './raw_dataset/Pop_Rock/7e3f1d9e880985c435a203b7a1d6942c.mid'
ERROR:root:Failed to change permissions or copy file: [Errno 13] Permission denied: './raw_dataset/Pop_Rock/29dda259f8dfebe3b573ab39eefb2960.mid'
ERROR:root:Failed to change permissions or copy file: [Errno 13] Permission denied: './raw_dataset/Pop_Rock/3367cb2f9767765ee5a933edfa1820d5.mid'
ERROR:root:Failed to change permissions or copy file: [Errno 13] Permission denied: './raw_dataset/Pop_Rock/6038ddc3c6f3bdd331b5ed81be663c4c.mid'
ERROR:root:Failed to change permissions or copy file: [Errno 13] Permission denied: './raw_dataset/Pop_Rock/7e3f1d9e880985c435a203b7a1d6942c.mid'
ERROR:root:Failed to change permissions or copy file: [Errno 13] Permission denied: './raw_dataset/Pop_Rock/e4ae13e3ad8fdbda86d10d6b359fe07a.mid'
ERROR:root:Failed to change permissions or copy file: [Errno 13] Permission denied: './raw_dataset/Pop_Rock/d01b0114114558b952df919543bc68f7.mid'
ERROR:root:Failed to change permissions or copy file: [Errno 13] Permission denied: './raw_dataset/Pop_Rock/bd6f69ad5dee7bbfccd5dc3e8471d33b.mid'
ERROR:root:Failed to change permissions or copy file: [Errno 13] Permission denied: './raw_dataset/Country/50f591f5f5e0c031496ab8b919c9f738.mid'
ERROR:root:Failed to change permissions or copy file: [Errno 13] Permission denied: './raw_dataset/Country/86aa961509e3027ab8e39b232bd992bf.mid'
ERROR:root:Failed to change permissions or copy file: [Errno 13] Permission denied: './raw_dataset/Country/995d1e643a44bdd07dd52ae34ff48300.mid'
ERROR:root:Failed to change permissions or copy file: [Errno 13] Permission denied: './raw_dataset/Country/c81e1e1a0aa35e8962354a79753c5ef3.mid'
ERROR:root:Failed to change permissions or copy file: [Errno 13] Permission denied: './raw_dataset/Pop_Rock/22d5ef0fbb555a919a53726d5b4b6a61.mid'
ERROR:root:Failed to change permissions or copy file: [Errno 13] Permission denied: './raw_dataset/Pop_Rock/af79390fbcd6b33c9c2f2dd858a012c1.mid'
ERROR:root:Failed to change permissions or copy file: [Errno 13] Permission denied: './raw_dataset/Pop_Rock/aa095436ef7dc5fd8be387117febe062.mid'
ERROR:root:Failed to change permissions or copy file: [Errno 13] Permission denied: './raw_dataset/Pop_Rock/df9560544e11597c51cd3285bda2539d.mid'
ERROR:root:Failed to change permissions or copy file: [Errno 13] Permission denied: './raw_dataset/Pop_Rock/c866906cf0989c16a6b1f1af3b9c2cac.mid'
ERROR:root:Failed to change permissions or copy file: [Errno 13] Permission denied: './raw_dataset/Pop_Rock/7b23f02b2df913c2499a4eb73d0a4de5.mid'
ERROR:root:Failed to change permissions or copy file: [Errno 13] Permission denied: './raw_dataset/Pop_Rock/0e9db6f3b59d69cb4d47ebc8ac2eed68.mid'
ERROR:root:Failed to change permissions or copy file: [Errno 13] Permission denied: './raw_dataset/Pop_Rock/7d42a95293cc47bcacfaa5681e7d4a6f.mid'
ERROR:root:Failed to change permissions or copy file: [Errno 13] Permission denied: './raw_dataset/Pop_Rock/96d9773841e48585f64f6c479e893b19.mid'
ERROR:root:Failed to change permissions or copy file: [Errno 13] Permission denied: './raw_dataset/Pop_Rock/aae8a9e88afce4e60f36f070ba69709c.mid'
ERROR:root:Failed to change permissions or copy file: [Errno 13] Permission denied: './raw_dataset/Pop_Rock/9efa3220b0e60f829c3f84b7969fcb66.mid'
ERROR:root:Failed to change permissions or copy file: [Errno 13] Permission denied: './raw_dataset/Pop_Rock/cb81ba0537bd773717e90e6f33e3bf85.mid'
ERROR:root:Failed to change permissions or copy file: [Errno 13] Permission denied: './raw_dataset/Pop_Rock/6592096e41db2977bce892fc7627d1d8.mid'
ERROR:root:Failed to change permissions or copy file: [Errno 13] Permission denied: './raw_dataset/Pop_Rock/d039c7673da0297a6d123b626e3d2c14.mid'
ERROR:root:Failed to change permissions or copy file: [Errno 13] Permission denied: './raw_dataset/Pop_Rock/cb1ea79d6bd7bb21fbfc930b83a9bc13.mid'
ERROR:root:Failed to change permissions or copy file: [Errno 13] Permission denied: './raw_dataset/Pop_Rock/0ab9da9fcc86a81ca2f89c126a27ac05.mid'
ERROR:root:Failed to change permissions or copy file: [Errno 13] Permission denied: './raw_dataset/Pop_Rock/8a68d03c4a08ff4f89af658d361ad98f.mid'
ERROR:root:Failed to change permissions or copy file: [Errno 13] Permission denied: './raw_dataset/Pop_Rock/2f4162ce56a5d0d7288403774a66cc27.mid'
ERROR:root:Failed to change permissions or copy file: [Errno 13] Permission denied: './raw_dataset/Country/6226bca1589378b2adc3eaf3098ae791.mid'
ERROR:root:Failed to change permissions or copy file: [Errno 13] Permission denied: './raw_dataset/Country/d18ec555ad1a97d4d34aa76d9fc2e6aa.mid'
ERROR:root:Failed to change permissions or copy file: [Errno 13] Permission denied: './raw_dataset/Country/ea3e02096eb682b870d9d9c699600340.mid'
ERROR:root:Failed to change permissions or copy file: [Errno 13] Permission denied: './raw_dataset/Country/f20e3600df225c64c90d68356271d363.mid'
ERROR:root:Failed to change permissions or copy file: [Errno 13] Permission denied: './raw_dataset/Country/fcc9046ba320691f428afae1e8f3e206.mid'
ERROR:root:Failed to change permissions or copy file: [Errno 13] Permission denied: './raw_dataset/Pop_Rock/7e3f1d9e880985c435a203b7a1d6942c.mid'
ERROR:root:Failed to change permissions or copy file: [Errno 13] Permission denied: './raw_dataset/Pop_Rock/36be514cae1370e9d771710158d7551f.mid'
ERROR:root:Failed to change permissions or copy file: [Errno 13] Permission denied: './raw_dataset/Pop_Rock/6e973cb0ce78fb872d9bbb9916c69f40.mid'
ERROR:root:Failed to change permissions or copy file: [Errno 13] Permission denied: './raw_dataset/Pop_Rock/0da062af9096dc9b11769eb8f43015f2.mid'
ERROR:root:Failed to change permissions or copy file: [Errno 13] Permission denied: './raw_dataset/Pop_Rock/1a65205f15224a7e5c689176a44c2e32.mid'
ERROR:root:Failed to change permissions or copy file: [Errno 13] Permission denied: './raw_dataset/Pop_Rock/209e0763629a75a3aedb64a1d0556114.mid'
ERROR:root:Failed to change permissions or copy file: [Errno 13] Permission denied: './raw_dataset/Pop_Rock/3700c802575841d4d4d15707c6d92154.mid'
ERROR:root:Failed to change permissions or copy file: [Errno 13] Permission denied: './raw_dataset/Pop_Rock/7b8b536667657dd3077d4f455c964a49.mid'
ERROR:root:Failed to change permissions or copy file: [Errno 13] Permission denied: './raw_dataset/Pop_Rock/bbf7bd4fdb7799e85439d86c7e512153.mid'
ERROR:root:Failed to change permissions or copy file: [Errno 13] Permission denied: './raw_dataset/Pop_Rock/ea1f89c4ad07debd124d978e6133f7f0.mid'
ERROR:root:Failed to change permissions or copy file: [Errno 13] Permission denied: './raw_dataset/Pop_Rock/34638b5e8cc591bd7d6ce697c3eb6503.mid'
ERROR:root:Failed to change permissions or copy file: [Errno 13] Permission denied: './raw_dataset/Pop_Rock/3ccb3facb9fc337397520b6a153afc0a.mid'
ERROR:root:Failed to change permissions or copy file: [Errno 13] Permission denied: './raw_dataset/Pop_Rock/a3a4049df0917865a7f4ddc35cff6461.mid'
ERROR:root:Failed to change permissions or copy file: [Errno 13] Permission denied: './raw_dataset/Pop_Rock/eb39e003c4a20aa20a5f933884432840.mid'
ERROR:root:Failed to change permissions or copy file: [Errno 13] Permission denied: './raw_dataset/Pop_Rock/7daacb647e8968e7422d59912f8153fd.mid'
ERROR:root:Failed to change permissions or copy file: [Errno 13] Permission denied: './raw_dataset/Pop_Rock/e437760fbc0d95928f8f9ae4bebe4424.mid'
ERROR:root:Failed to change permissions or copy file: [Errno 13] Permission denied: './raw_dataset/Pop_Rock/636df59b987bab2e0065eab35d9bd0fe.mid'
ERROR:root:Failed to change permissions or copy file: [Errno 13] Permission denied: './raw_dataset/Pop_Rock/dc8aefaf5df4741186cbb158a4c6f0e0.mid'
ERROR:root:Failed to change permissions or copy file: [Errno 13] Permission denied: './raw_dataset/Pop_Rock/da56eb25810d9e78707b4d4220a261c2.mid'
INFO:root:Refactor completed with 13360 tracks
INFO:root:Original track amount: 1924108
